23-16-Jan 12:18:16 W. Central Africa Standard Time - root - INFO - Script started at 2023-01-16 11:18:16 W. Central Africa Standard Time
23-16-Jan 12:18:17 W. Central Africa Standard Time - WDM - INFO - ====== WebDriver manager ======
23-16-Jan 12:18:18 W. Central Africa Standard Time - WDM - INFO - Get LATEST chromedriver version for google-chrome 109.0.5414
23-16-Jan 12:18:18 W. Central Africa Standard Time - urllib3.connectionpool - DEBUG - Starting new HTTPS connection (1): chromedriver.storage.googleapis.com:443
23-16-Jan 12:18:19 W. Central Africa Standard Time - urllib3.connectionpool - DEBUG - https://chromedriver.storage.googleapis.com:443 "GET /LATEST_RELEASE_109.0.5414 HTTP/1.1" 200 13
23-16-Jan 12:18:19 W. Central Africa Standard Time - WDM - INFO - Driver [C:\Users\Frederic\.wdm\drivers\chromedriver\win32\109.0.5414\chromedriver.exe] found in cache
23-16-Jan 12:18:19 W. Central Africa Standard Time - selenium.webdriver.common.service - DEBUG - Started executable: `C:\Users\Frederic\.wdm\drivers\chromedriver\win32\109.0.5414\chromedriver.exe` in a child process with pid: 8816
23-16-Jan 12:18:20 W. Central Africa Standard Time - selenium.webdriver.remote.remote_connection - DEBUG - POST http://localhost:49832/session {"capabilities": {"firstMatch": [{}], "alwaysMatch": {"browserName": "chrome", "pageLoadStrategy": "normal", "goog:chromeOptions": {"extensions": [], "args": ["--headless", "--headless", "--no-sandbox", "--disable-dev-shm-usage"]}}}}
23-16-Jan 12:18:20 W. Central Africa Standard Time - urllib3.connectionpool - DEBUG - Starting new HTTP connection (1): localhost:49832
23-16-Jan 12:18:21 W. Central Africa Standard Time - urllib3.connectionpool - DEBUG - http://localhost:49832 "POST /session HTTP/1.1" 200 792
23-16-Jan 12:18:21 W. Central Africa Standard Time - selenium.webdriver.remote.remote_connection - DEBUG - Remote response: status=200 | data={"value":{"capabilities":{"acceptInsecureCerts":false,"browserName":"chrome","browserVersion":"109.0.5414.74","chrome":{"chromedriverVersion":"109.0.5414.74 (e7c5703604daa9cc128ccf5a5d3e993513758913-refs/branch-heads/5414@{#1172})","userDataDir":"C:\\Users\\Frederic\\AppData\\Local\\Temp\\scoped_dir8816_255497798"},"goog:chromeOptions":{"debuggerAddress":"localhost:49839"},"networkConnectionEnabled":false,"pageLoadStrategy":"normal","platformName":"windows","proxy":{},"setWindowRect":true,"strictFileInteractability":false,"timeouts":{"implicit":0,"pageLoad":300000,"script":30000},"unhandledPromptBehavior":"dismiss and notify","webauthn:extension:credBlob":true,"webauthn:extension:largeBlob":true,"webauthn:virtualAuthenticators":true},"sessionId":"83d15ff1269baad62b4ca6ca402aa2d6"}} | headers=HTTPHeaderDict({'Content-Length': '792', 'Content-Type': 'application/json; charset=utf-8', 'cache-control': 'no-cache'})
23-16-Jan 12:18:21 W. Central Africa Standard Time - selenium.webdriver.remote.remote_connection - DEBUG - Finished Request
23-16-Jan 12:18:21 W. Central Africa Standard Time - root - INFO - Enko South Africa --- Student code replacement attempt starting...
23-16-Jan 12:18:21 W. Central Africa Standard Time - root - INFO - Enko South Africa --- male students currently dealt with...
23-16-Jan 12:18:21 W. Central Africa Standard Time - selenium.webdriver.remote.remote_connection - DEBUG - POST http://localhost:49832/session/83d15ff1269baad62b4ca6ca402aa2d6/url {"url": "https://enko-southafrica.com/list/manage/editlist/student"}
23-16-Jan 12:18:24 W. Central Africa Standard Time - selenium.webdriver.remote.remote_connection - DEBUG - DELETE http://localhost:49832/session/83d15ff1269baad62b4ca6ca402aa2d6 {}
23-16-Jan 12:18:24 W. Central Africa Standard Time - urllib3.connectionpool - DEBUG - Starting new HTTP connection (2): localhost:49832
23-16-Jan 12:18:28 W. Central Africa Standard Time - urllib3.util.retry - DEBUG - Incremented Retry for (url='/session/83d15ff1269baad62b4ca6ca402aa2d6'): Retry(total=2, connect=None, read=None, redirect=None, status=None)
23-16-Jan 12:18:28 W. Central Africa Standard Time - urllib3.connectionpool - WARNING - Retrying (Retry(total=2, connect=None, read=None, redirect=None, status=None)) after connection broken by 'NewConnectionError('<urllib3.connection.HTTPConnection object at 0x000001CB5915C610>: Failed to establish a new connection: [WinError 10061] No connection could be made because the target machine actively refused it')': /session/83d15ff1269baad62b4ca6ca402aa2d6
23-16-Jan 12:18:28 W. Central Africa Standard Time - urllib3.connectionpool - DEBUG - Starting new HTTP connection (3): localhost:49832
